This is pdfTeX, Version 3.1415926-2.5-1.40.14 (MiKTeX 2.9 64-bit) (preloaded format=pdflatex 2014.3.20)  12 APR 2014 18:41
entering extended mode
**C:/Users/Maciek/Desktop/magisterka/Praca*magisterska/rozdzial3.tex
("C:/Users/Maciek/Desktop/magisterka/Praca magisterska/rozdzial3.tex"
LaTeX2e <2011/06/27>
Babel <v3.8m> and hyphenation patterns for english, polish, loaded.
! Undefined control sequence.
l.1 \chapter
            {Struktura i sterowanie robotem}
? 
! Emergency stop.
l.1 \chapter
            {Struktura i sterowanie robotem}
End of file on the terminal!

 
Here is how much of TeX's memory you used:
 7 strings out of 495309
 256 string characters out of 3182112
 44897 words of memory out of 3000000
 3289 multiletter control sequences out of 15000+200000
 3640 words of font info for 14 fonts, out of 3000000 for 9000
 34 hyphenation exceptions out of 8191
 5i,0n,1p,110b,8s stack positions out of 5000i,500n,10000p,200000b,50000s
!  ==> Fatal error occurred, no output PDF file produced!
